# JRE version: OpenJDK Runtime Environment Microsoft-11933218 (21.0.8+9) (build 21.0.8+9-LTS)
# Java VM: OpenJDK 64-Bit Server VM Microsoft-11933218 (21.0.8+9-LTS, mixed mode, sharing, tiered, compressed oops, compressed class ptrs, g1 gc, windows-amd64)
GC Precious Log:
 CardTable entry size: 512
 Card Set container configuration: InlinePtr #cards 5 size 8 Array Of Cards #cards 12 size 40 Howl #buckets 4 coarsen threshold 1843 Howl Bitmap #cards 512 size 80 coarsen threshold 460 Card regions per heap region 1 cards per card region 2048
 CPUs: 4 total, 4 available
 Memory: 8139M
 Large Page Support: Disabled
 NUMA Support: Disabled
 Compressed Oops: Enabled (32-bit)
 Heap Region Size: 1M
 Heap Min Capacity: 8M
 Heap Initial Capacity: 128M
 Heap Max Capacity: 2036M
 Pre-touch: Disabled
 Parallel Workers: 4
 Concurrent Workers: 1
 Concurrent Refinement Workers: 4
 Periodic GC: Disabled
Heap:
 garbage-first heap   total 233472K, used 186368K [0x0000000080c00000, 0x0000000100000000)
  region size 1024K, 11 young (11264K), 6 survivors (6144K)
 Metaspace       used 75321K, committed 75712K, reserved 1179648K
  class space    used 8126K, committed 8320K, reserved 1048576K
GC Heap History (20 events):
Event: 32.487 GC heap before
{Heap before GC invocations=25 (full 0):
 garbage-first heap   total 184320K, used 160479K [0x0000000080c00000, 0x0000000100000000)
  region size 1024K, 61 young (62464K), 6 survivors (6144K)
 Metaspace       used 62555K, committed 62976K, reserved 1114112K
  class space    used 7160K, committed 7360K, reserved 1048576K
}
Event: 32.499 GC heap after
{Heap after GC invocations=26 (full 0):
 garbage-first heap   total 184320K, used 110085K [0x0000000080c00000, 0x0000000100000000)
  region size 1024K, 6 young (6144K), 6 survivors (6144K)
 Metaspace       used 62555K, committed 62976K, reserved 1114112K
  class space    used 7160K, committed 7360K, reserved 1048576K
}
Event: 33.561 GC heap before
{Heap before GC invocations=26 (full 0):
 garbage-first heap   total 184320K, used 164357K [0x0000000080c00000, 0x0000000100000000)
  region size 1024K, 59 young (60416K), 6 survivors (6144K)
 Metaspace       used 63023K, committed 63424K, reserved 1114112K
  class space    used 7175K, committed 7360K, reserved 1048576K
}
Event: 33.576 GC heap after
{Heap after GC invocations=27 (full 0):
 garbage-first heap   total 184320K, used 117242K [0x0000000080c00000, 0x0000000100000000)
  region size 1024K, 8 young (8192K), 8 survivors (8192K)
 Metaspace       used 63023K, committed 63424K, reserved 1114112K
  class space    used 7175K, committed 7360K, reserved 1048576K
}
Event: 34.454 GC heap before
{Heap before GC invocations=27 (full 0):
 garbage-first heap   total 184320K, used 164346K [0x0000000080c00000, 0x0000000100000000)
  region size 1024K, 54 young (55296K), 8 survivors (8192K)
 Metaspace       used 63134K, committed 63552K, reserved 1114112K
  class space    used 7176K, committed 7360K, reserved 1048576K
}
Event: 34.466 GC heap after
{Heap after GC invocations=28 (full 0):
 garbage-first heap   total 184320K, used 122880K [0x0000000080c00000, 0x0000000100000000)
  region size 1024K, 5 young (5120K), 5 survivors (5120K)
 Metaspace       used 63134K, committed 63552K, reserved 1114112K
  class space    used 7176K, committed 7360K, reserved 1048576K
}
Event: 36.254 GC heap before
{Heap before GC invocations=29 (full 0):
 garbage-first heap   total 204800K, used 167936K [0x0000000080c00000, 0x0000000100000000)
  region size 1024K, 49 young (50176K), 5 survivors (5120K)
 Metaspace       used 66782K, committed 67136K, reserved 1114112K
  class space    used 7460K, committed 7616K, reserved 1048576K
}
Event: 36.264 GC heap after
{Heap after GC invocations=30 (full 0):
 garbage-first heap   total 204800K, used 127469K [0x0000000080c00000, 0x0000000100000000)
  region size 1024K, 5 young (5120K), 5 survivors (5120K)
 Metaspace       used 66782K, committed 67136K, reserved 1114112K
  class space    used 7460K, committed 7616K, reserved 1048576K
}
Event: 38.159 GC heap before
{Heap before GC invocations=30 (full 0):
 garbage-first heap   total 204800K, used 185837K [0x0000000080c00000, 0x0000000100000000)
  region size 1024K, 62 young (63488K), 5 survivors (5120K)
 Metaspace       used 67871K, committed 68288K, reserved 1114112K
  class space    used 7506K, committed 7680K, reserved 1048576K
}
Event: 38.172 GC heap after
{Heap after GC invocations=31 (full 0):
 garbage-first heap   total 204800K, used 130181K [0x0000000080c00000, 0x0000000100000000)
  region size 1024K, 4 young (4096K), 4 survivors (4096K)
 Metaspace       used 67871K, committed 68288K, reserved 1114112K
  class space    used 7506K, committed 7680K, reserved 1048576K
}
Event: 38.533 GC heap before
{Heap before GC invocations=31 (full 0):
 garbage-first heap   total 204800K, used 186501K [0x0000000080c00000, 0x0000000100000000)
  region size 1024K, 59 young (60416K), 4 survivors (4096K)
 Metaspace       used 68023K, committed 68416K, reserved 1114112K
  class space    used 7512K, committed 7680K, reserved 1048576K
}
Event: 38.546 GC heap after
{Heap after GC invocations=32 (full 0):
 garbage-first heap   total 204800K, used 139264K [0x0000000080c00000, 0x0000000100000000)
  region size 1024K, 8 young (8192K), 8 survivors (8192K)
 Metaspace       used 68023K, committed 68416K, reserved 1114112K
  class space    used 7512K, committed 7680K, reserved 1048576K
}
Event: 39.226 GC heap before
{Heap before GC invocations=33 (full 0):
 garbage-first heap   total 232448K, used 184320K [0x0000000080c00000, 0x0000000100000000)
  region size 1024K, 52 young (53248K), 8 survivors (8192K)
 Metaspace       used 68244K, committed 68672K, reserved 1114112K
  class space    used 7535K, committed 7744K, reserved 1048576K
}
Event: 39.241 GC heap after
{Heap after GC invocations=34 (full 0):
 garbage-first heap   total 232448K, used 147456K [0x0000000080c00000, 0x0000000100000000)
  region size 1024K, 7 young (7168K), 7 survivors (7168K)
 Metaspace       used 68244K, committed 68672K, reserved 1114112K
  class space    used 7535K, committed 7744K, reserved 1048576K
}
Event: 41.138 GC heap before
{Heap before GC invocations=34 (full 0):
 garbage-first heap   total 232448K, used 207872K [0x0000000080c00000, 0x0000000100000000)
  region size 1024K, 67 young (68608K), 7 survivors (7168K)
 Metaspace       used 75209K, committed 75584K, reserved 1179648K
  class space    used 8126K, committed 8320K, reserved 1048576K
}
Event: 41.156 GC heap after
{Heap after GC invocations=35 (full 0):
 garbage-first heap   total 232448K, used 156672K [0x0000000080c00000, 0x0000000100000000)
  region size 1024K, 9 young (9216K), 9 survivors (9216K)
 Metaspace       used 75209K, committed 75584K, reserved 1179648K
  class space    used 8126K, committed 8320K, reserved 1048576K
}
Event: 41.608 GC heap before
{Heap before GC invocations=35 (full 0):
 garbage-first heap   total 232448K, used 209920K [0x0000000080c00000, 0x0000000100000000)
  region size 1024K, 61 young (62464K), 9 survivors (9216K)
 Metaspace       used 75286K, committed 75712K, reserved 1179648K
  class space    used 8126K, committed 8320K, reserved 1048576K
}
Event: 41.633 GC heap after
{Heap after GC invocations=36 (full 0):
 garbage-first heap   total 233472K, used 171008K [0x0000000080c00000, 0x0000000100000000)
  region size 1024K, 8 young (8192K), 8 survivors (8192K)
 Metaspace       used 75286K, committed 75712K, reserved 1179648K
  class space    used 8126K, committed 8320K, reserved 1048576K
}
Event: 41.958 GC heap before
{Heap before GC invocations=36 (full 0):
 garbage-first heap   total 233472K, used 211968K [0x0000000080c00000, 0x0000000100000000)
  region size 1024K, 48 young (49152K), 8 survivors (8192K)
 Metaspace       used 75320K, committed 75712K, reserved 1179648K
  class space    used 8126K, committed 8320K, reserved 1048576K
}
Event: 41.975 GC heap after
{Heap after GC invocations=37 (full 0):
 garbage-first heap   total 233472K, used 182272K [0x0000000080c00000, 0x0000000100000000)
  region size 1024K, 6 young (6144K), 6 survivors (6144K)
 Metaspace       used 75320K, committed 75712K, reserved 1179648K
  class space    used 8126K, committed 8320K, reserved 1048576K
}

