# JRE version: OpenJDK Runtime Environment Microsoft-11933218 (21.0.8+9) (build 21.0.8+9-LTS)
# Java VM: OpenJDK 64-Bit Server VM Microsoft-11933218 (21.0.8+9-LTS, mixed mode, sharing, tiered, compressed oops, compressed class ptrs, g1 gc, windows-amd64)
GC Precious Log:
 CardTable entry size: 512
 Card Set container configuration: InlinePtr #cards 5 size 8 Array Of Cards #cards 12 size 40 Howl #buckets 4 coarsen threshold 1843 Howl Bitmap #cards 512 size 80 coarsen threshold 460 Card regions per heap region 1 cards per card region 2048
 CPUs: 4 total, 4 available
 Memory: 8139M
 Large Page Support: Disabled
 NUMA Support: Disabled
 Compressed Oops: Enabled (32-bit)
 Heap Region Size: 1M
 Heap Min Capacity: 8M
 Heap Initial Capacity: 128M
 Heap Max Capacity: 2036M
 Pre-touch: Disabled
 Parallel Workers: 4
 Concurrent Workers: 1
 Concurrent Refinement Workers: 4
 Periodic GC: Disabled
Heap:
 garbage-first heap   total 384000K, used 232188K [0x0000000080c00000, 0x0000000100000000)
  region size 1024K, 3 young (3072K), 3 survivors (3072K)
 Metaspace       used 87135K, committed 87552K, reserved 1179648K
  class space    used 9093K, committed 9280K, reserved 1048576K
GC Heap History (20 events):
Event: 40.229 GC heap after
{Heap after GC invocations=34 (full 0):
 garbage-first heap   total 232448K, used 147456K [0x0000000080c00000, 0x0000000100000000)
  region size 1024K, 7 young (7168K), 7 survivors (7168K)
 Metaspace       used 68503K, committed 68928K, reserved 1114112K
  class space    used 7538K, committed 7744K, reserved 1048576K
}
Event: 43.271 GC heap before
{Heap before GC invocations=34 (full 0):
 garbage-first heap   total 232448K, used 208896K [0x0000000080c00000, 0x0000000100000000)
  region size 1024K, 68 young (69632K), 7 survivors (7168K)
 Metaspace       used 75326K, committed 75712K, reserved 1179648K
  class space    used 8127K, committed 8320K, reserved 1048576K
}
Event: 43.298 GC heap after
{Heap after GC invocations=35 (full 0):
 garbage-first heap   total 232448K, used 157184K [0x0000000080c00000, 0x0000000100000000)
  region size 1024K, 9 young (9216K), 9 survivors (9216K)
 Metaspace       used 75326K, committed 75712K, reserved 1179648K
  class space    used 8127K, committed 8320K, reserved 1048576K
}
Event: 44.128 GC heap before
{Heap before GC invocations=35 (full 0):
 garbage-first heap   total 232448K, used 210432K [0x0000000080c00000, 0x0000000100000000)
  region size 1024K, 61 young (62464K), 9 survivors (9216K)
 Metaspace       used 75411K, committed 75776K, reserved 1179648K
  class space    used 8127K, committed 8320K, reserved 1048576K
}
Event: 44.160 GC heap after
{Heap after GC invocations=36 (full 0):
 garbage-first heap   total 234496K, used 171520K [0x0000000080c00000, 0x0000000100000000)
  region size 1024K, 8 young (8192K), 8 survivors (8192K)
 Metaspace       used 75411K, committed 75776K, reserved 1179648K
  class space    used 8127K, committed 8320K, reserved 1048576K
}
Event: 44.894 GC heap before
{Heap before GC invocations=37 (full 0):
 garbage-first heap   total 286720K, used 211456K [0x0000000080c00000, 0x0000000100000000)
  region size 1024K, 47 young (48128K), 8 survivors (8192K)
 Metaspace       used 75415K, committed 75776K, reserved 1179648K
  class space    used 8127K, committed 8320K, reserved 1048576K
}
Event: 44.912 GC heap after
{Heap after GC invocations=38 (full 0):
 garbage-first heap   total 286720K, used 183808K [0x0000000080c00000, 0x0000000100000000)
  region size 1024K, 6 young (6144K), 6 survivors (6144K)
 Metaspace       used 75415K, committed 75776K, reserved 1179648K
  class space    used 8127K, committed 8320K, reserved 1048576K
}
Event: 46.728 GC heap before
{Heap before GC invocations=38 (full 0):
 garbage-first heap   total 286720K, used 250368K [0x0000000080c00000, 0x0000000100000000)
  region size 1024K, 71 young (72704K), 6 survivors (6144K)
 Metaspace       used 76804K, committed 77184K, reserved 1179648K
  class space    used 8215K, committed 8384K, reserved 1048576K
}
Event: 46.753 GC heap after
{Heap after GC invocations=39 (full 0):
 garbage-first heap   total 286720K, used 196608K [0x0000000080c00000, 0x0000000100000000)
  region size 1024K, 9 young (9216K), 9 survivors (9216K)
 Metaspace       used 76804K, committed 77184K, reserved 1179648K
  class space    used 8215K, committed 8384K, reserved 1048576K
}
Event: 47.113 GC heap before
{Heap before GC invocations=39 (full 0):
 garbage-first heap   total 286720K, used 253952K [0x0000000080c00000, 0x0000000100000000)
  region size 1024K, 65 young (66560K), 9 survivors (9216K)
 Metaspace       used 76853K, committed 77248K, reserved 1179648K
  class space    used 8215K, committed 8384K, reserved 1048576K
}
Event: 47.124 GC heap after
{Heap after GC invocations=40 (full 0):
 garbage-first heap   total 286720K, used 199085K [0x0000000080c00000, 0x0000000100000000)
  region size 1024K, 2 young (2048K), 2 survivors (2048K)
 Metaspace       used 76853K, committed 77248K, reserved 1179648K
  class space    used 8215K, committed 8384K, reserved 1048576K
}
Event: 48.005 GC heap before
{Heap before GC invocations=41 (full 0):
 garbage-first heap   total 332800K, used 261549K [0x0000000080c00000, 0x0000000100000000)
  region size 1024K, 60 young (61440K), 2 survivors (2048K)
 Metaspace       used 77202K, committed 77632K, reserved 1179648K
  class space    used 8238K, committed 8448K, reserved 1048576K
}
Event: 48.016 GC heap after
{Heap after GC invocations=42 (full 0):
 garbage-first heap   total 332800K, used 208732K [0x0000000080c00000, 0x0000000100000000)
  region size 1024K, 8 young (8192K), 8 survivors (8192K)
 Metaspace       used 77202K, committed 77632K, reserved 1179648K
  class space    used 8238K, committed 8448K, reserved 1048576K
}
Event: 49.786 GC heap before
{Heap before GC invocations=42 (full 0):
 garbage-first heap   total 332800K, used 296796K [0x0000000080c00000, 0x0000000100000000)
  region size 1024K, 94 young (96256K), 8 survivors (8192K)
 Metaspace       used 80762K, committed 81152K, reserved 1179648K
  class space    used 8582K, committed 8768K, reserved 1048576K
}
Event: 49.811 GC heap after
{Heap after GC invocations=43 (full 0):
 garbage-first heap   total 332800K, used 217848K [0x0000000080c00000, 0x0000000100000000)
  region size 1024K, 11 young (11264K), 11 survivors (11264K)
 Metaspace       used 80762K, committed 81152K, reserved 1179648K
  class space    used 8582K, committed 8768K, reserved 1048576K
}
Event: 52.269 GC heap before
{Heap before GC invocations=43 (full 0):
 garbage-first heap   total 332800K, used 296696K [0x0000000080c00000, 0x0000000100000000)
  region size 1024K, 88 young (90112K), 11 survivors (11264K)
 Metaspace       used 84103K, committed 84544K, reserved 1179648K
  class space    used 8870K, committed 9088K, reserved 1048576K
}
Event: 52.321 GC heap after
{Heap after GC invocations=44 (full 0):
 garbage-first heap   total 332800K, used 230792K [0x0000000080c00000, 0x0000000100000000)
  region size 1024K, 11 young (11264K), 11 survivors (11264K)
 Metaspace       used 84103K, committed 84544K, reserved 1179648K
  class space    used 8870K, committed 9088K, reserved 1048576K
}
Event: 53.182 GC heap before
{Heap before GC invocations=45 (full 0):
 garbage-first heap   total 384000K, used 299400K [0x0000000080c00000, 0x0000000100000000)
  region size 1024K, 79 young (80896K), 11 survivors (11264K)
 Metaspace       used 85426K, committed 85888K, reserved 1179648K
  class space    used 8956K, committed 9152K, reserved 1048576K
}
Event: 53.199 GC heap after
{Heap after GC invocations=46 (full 0):
 garbage-first heap   total 384000K, used 233024K [0x0000000080c00000, 0x0000000100000000)
  region size 1024K, 3 young (3072K), 3 survivors (3072K)
 Metaspace       used 85426K, committed 85888K, reserved 1179648K
  class space    used 8956K, committed 9152K, reserved 1048576K
}
Event: 55.163 GC heap before
{Heap before GC invocations=46 (full 0):
 garbage-first heap   total 384000K, used 338496K [0x0000000080c00000, 0x0000000100000000)
  region size 1024K, 106 young (108544K), 3 survivors (3072K)
 Metaspace       used 87135K, committed 87552K, reserved 1179648K
  class space    used 9093K, committed 9280K, reserved 1048576K
}

